<?xml version="1.0" encoding="UTF-8"?>
<coverage generated="1726292987251" clover="3.2.0">
  <project timestamp="1726292987251" name="All files">
    <metrics statements="111" coveredstatements="111" conditionals="50" coveredconditionals="42" methods="22" coveredmethods="22" elements="183" coveredelements="175" complexity="0" loc="111" ncloc="111" packages="1" files="1" classes="1"/>
    <file name="index.ts" path="/Users/pengbo43/my_code/type-to-value/lib/index.ts">
      <metrics statements="111" coveredstatements="111" conditionals="50" coveredconditionals="42" methods="22" coveredmethods="22"/>
      <line num="1" count="10" type="stmt"/>
      <line num="2" count="10" type="stmt"/>
      <line num="3" count="10" type="stmt"/>
      <line num="14" count="10" type="stmt"/>
      <line num="15" count="10" type="stmt"/>
      <line num="16" count="10" type="stmt"/>
      <line num="19" count="10" type="stmt"/>
      <line num="20" count="10" type="stmt"/>
      <line num="21" count="10" type="stmt"/>
      <line num="25" count="5" type="stmt"/>
      <line num="29" count="1" type="stmt"/>
      <line num="30" count="1" type="stmt"/>
      <line num="31" count="23" type="stmt"/>
      <line num="34" count="1" type="stmt"/>
      <line num="38" count="4" type="stmt"/>
      <line num="42" count="10" type="cond" truecount="1" falsecount="0"/>
      <line num="43" count="10" type="stmt"/>
      <line num="46" count="10" type="stmt"/>
      <line num="47" count="35" type="stmt"/>
      <line num="49" count="10" type="stmt"/>
      <line num="50" count="35" type="stmt"/>
      <line num="51" count="35" type="cond" truecount="0" falsecount="1"/>
      <line num="52" count="35" type="stmt"/>
      <line num="53" count="35" type="stmt"/>
      <line num="54" count="35" type="stmt"/>
      <line num="55" count="35" type="stmt"/>
      <line num="56" count="35" type="cond" truecount="1" falsecount="0"/>
      <line num="57" count="34" type="stmt"/>
      <line num="58" count="66" type="stmt"/>
      <line num="59" count="66" type="cond" truecount="2" falsecount="0"/>
      <line num="61" count="66" type="stmt"/>
      <line num="66" count="10" type="stmt"/>
      <line num="70" count="94" type="cond" truecount="1" falsecount="0"/>
      <line num="71" count="2" type="stmt"/>
      <line num="73" count="92" type="cond" truecount="1" falsecount="0"/>
      <line num="74" count="1" type="stmt"/>
      <line num="77" count="91" type="cond" truecount="1" falsecount="0"/>
      <line num="78" count="6" type="stmt"/>
      <line num="81" count="85" type="cond" truecount="1" falsecount="0"/>
      <line num="82" count="8" type="stmt"/>
      <line num="85" count="77" type="cond" truecount="1" falsecount="0"/>
      <line num="86" count="1" type="stmt"/>
      <line num="89" count="76" type="cond" truecount="1" falsecount="0"/>
      <line num="90" count="9" type="stmt"/>
      <line num="92" count="67" type="cond" truecount="1" falsecount="0"/>
      <line num="93" count="4" type="stmt"/>
      <line num="95" count="63" type="cond" truecount="1" falsecount="0"/>
      <line num="96" count="2" type="cond" truecount="3" falsecount="1"/>
      <line num="98" count="61" type="cond" truecount="1" falsecount="0"/>
      <line num="99" count="3" type="stmt"/>
      <line num="101" count="58" type="cond" truecount="1" falsecount="0"/>
      <line num="102" count="2" type="stmt"/>
      <line num="103" count="2" type="stmt"/>
      <line num="105" count="56" type="cond" truecount="1" falsecount="0"/>
      <line num="106" count="1" type="stmt"/>
      <line num="107" count="3" type="stmt"/>
      <line num="109" count="55" type="cond" truecount="1" falsecount="0"/>
      <line num="110" count="42" type="stmt"/>
      <line num="112" count="13" type="cond" truecount="1" falsecount="0"/>
      <line num="113" count="1" type="stmt"/>
      <line num="115" count="12" type="cond" truecount="1" falsecount="0"/>
      <line num="116" count="1" type="stmt"/>
      <line num="118" count="11" type="stmt"/>
      <line num="120" count="11" type="cond" truecount="1" falsecount="0"/>
      <line num="121" count="10" type="stmt"/>
      <line num="124" count="1" type="stmt"/>
      <line num="128" count="6" type="cond" truecount="1" falsecount="0"/>
      <line num="130" count="1" type="stmt"/>
      <line num="132" count="5" type="stmt"/>
      <line num="136" count="2" type="cond" truecount="0" falsecount="1"/>
      <line num="137" count="2" type="stmt"/>
      <line num="138" count="2" type="cond" truecount="0" falsecount="1"/>
      <line num="139" count="2" type="stmt"/>
      <line num="143" count="42" type="stmt"/>
      <line num="144" count="42" type="stmt"/>
      <line num="145" count="42" type="stmt"/>
      <line num="146" count="69" type="stmt"/>
      <line num="147" count="69" type="cond" truecount="4" falsecount="0"/>
      <line num="148" count="5" type="stmt"/>
      <line num="150" count="64" type="stmt"/>
      <line num="151" count="64" type="cond" truecount="1" falsecount="0"/>
      <line num="152" count="4" type="stmt"/>
      <line num="154" count="60" type="stmt"/>
      <line num="155" count="60" type="stmt"/>
      <line num="158" count="42" type="stmt"/>
      <line num="162" count="10" type="stmt"/>
      <line num="165" count="10" type="stmt"/>
      <line num="166" count="7" type="stmt"/>
      <line num="167" count="7" type="cond" truecount="1" falsecount="0"/>
      <line num="168" count="7" type="cond" truecount="6" falsecount="1"/>
      <line num="169" count="7" type="cond" truecount="1" falsecount="0"/>
      <line num="170" count="7" type="stmt"/>
      <line num="174" count="3" type="stmt"/>
      <line num="178" count="64" type="cond" truecount="1" falsecount="0"/>
      <line num="179" count="16" type="stmt"/>
      <line num="180" count="16" type="stmt"/>
      <line num="181" count="16" type="stmt"/>
      <line num="182" count="20" type="cond" truecount="0" falsecount="1"/>
      <line num="183" count="20" type="stmt"/>
      <line num="184" count="20" type="cond" truecount="1" falsecount="0"/>
      <line num="185" count="9" type="stmt"/>
      <line num="186" count="9" type="cond" truecount="1" falsecount="0"/>
      <line num="187" count="8" type="stmt"/>
      <line num="188" count="8" type="stmt"/>
      <line num="190" count="16" type="cond" truecount="1" falsecount="0"/>
      <line num="191" count="7" type="stmt"/>
      <line num="195" count="19" type="cond" truecount="0" falsecount="1"/>
      <line num="196" count="19" type="stmt"/>
      <line num="200" count="19" type="stmt"/>
      <line num="201" count="19" type="cond" truecount="0" falsecount="1"/>
      <line num="202" count="19" type="cond" truecount="2" falsecount="0"/>
    </file>
  </project>
</coverage>
