<?xml version="1.0" encoding="UTF-8"?>
<coverage generated="1727606454688" clover="3.2.0">
  <project timestamp="1727606454688" name="All files">
    <metrics statements="163" coveredstatements="161" conditionals="68" coveredconditionals="55" methods="34" coveredmethods="34" elements="265" coveredelements="250" complexity="0" loc="163" ncloc="163" packages="1" files="1" classes="1"/>
    <file name="index.ts" path="/Users/pengbo43/my_code/type-to-value/lib/index.ts">
      <metrics statements="163" coveredstatements="161" conditionals="68" coveredconditionals="55" methods="34" coveredmethods="34"/>
      <line num="1" count="11" type="stmt"/>
      <line num="2" count="11" type="stmt"/>
      <line num="3" count="11" type="stmt"/>
      <line num="18" count="11" type="stmt"/>
      <line num="20" count="11" type="stmt"/>
      <line num="21" count="3" type="cond" truecount="2" falsecount="0"/>
      <line num="22" count="1" type="stmt"/>
      <line num="24" count="2" type="stmt"/>
      <line num="26" count="3" type="cond" truecount="0" falsecount="1"/>
      <line num="27" count="3" type="stmt"/>
      <line num="30" count="11" type="stmt"/>
      <line num="32" count="11" type="stmt"/>
      <line num="33" count="3" type="cond" truecount="2" falsecount="0"/>
      <line num="34" count="1" type="stmt"/>
      <line num="36" count="2" type="stmt"/>
      <line num="38" count="3" type="cond" truecount="0" falsecount="1"/>
      <line num="39" count="3" type="stmt"/>
      <line num="42" count="11" type="stmt"/>
      <line num="43" count="17" type="cond" truecount="1" falsecount="0"/>
      <line num="44" count="17" type="stmt"/>
      <line num="47" count="11" type="stmt"/>
      <line num="48" count="14" type="stmt"/>
      <line num="51" count="11" type="stmt"/>
      <line num="52" count="4" type="stmt"/>
      <line num="53" count="4" type="stmt"/>
      <line num="54" count="4" type="stmt"/>
      <line num="57" count="11" type="stmt"/>
      <line num="58" count="4" type="stmt"/>
      <line num="59" count="4" type="stmt"/>
      <line num="62" count="11" type="stmt"/>
      <line num="63" count="11" type="stmt"/>
      <line num="64" count="11" type="stmt"/>
      <line num="65" count="11" type="cond" truecount="1" falsecount="0"/>
      <line num="66" count="4" type="stmt"/>
      <line num="69" count="7" type="stmt"/>
      <line num="72" count="11" type="stmt"/>
      <line num="73" count="8" type="stmt"/>
      <line num="76" count="11" type="stmt"/>
      <line num="77" count="12" type="stmt"/>
      <line num="78" count="12" type="cond" truecount="1" falsecount="0"/>
      <line num="79" count="11" type="stmt"/>
      <line num="81" count="1" type="stmt"/>
      <line num="84" count="11" type="stmt"/>
      <line num="85" count="16" type="stmt"/>
      <line num="86" count="16" type="stmt"/>
      <line num="87" count="16" type="stmt"/>
      <line num="89" count="16" type="cond" truecount="1" falsecount="0"/>
      <line num="90" count="1" type="stmt"/>
      <line num="92" count="15" type="stmt"/>
      <line num="93" count="15" type="stmt"/>
      <line num="94" count="15" type="stmt"/>
      <line num="98" count="5" type="stmt"/>
      <line num="102" count="1" type="stmt"/>
      <line num="103" count="1" type="stmt"/>
      <line num="104" count="27" type="stmt"/>
      <line num="107" count="1" type="stmt"/>
      <line num="111" count="4" type="stmt"/>
      <line num="115" count="15" type="cond" truecount="1" falsecount="0"/>
      <line num="116" count="15" type="stmt"/>
      <line num="119" count="15" type="stmt"/>
      <line num="120" count="100" type="stmt"/>
      <line num="122" count="15" type="stmt"/>
      <line num="123" count="100" type="stmt"/>
      <line num="124" count="100" type="cond" truecount="0" falsecount="1"/>
      <line num="125" count="100" type="stmt"/>
      <line num="126" count="100" type="stmt"/>
      <line num="127" count="100" type="stmt"/>
      <line num="128" count="100" type="stmt"/>
      <line num="129" count="100" type="cond" truecount="1" falsecount="0"/>
      <line num="130" count="99" type="stmt"/>
      <line num="131" count="204" type="stmt"/>
      <line num="132" count="204" type="cond" truecount="2" falsecount="0"/>
      <line num="134" count="204" type="stmt"/>
      <line num="139" count="15" type="stmt"/>
      <line num="143" count="127" type="cond" truecount="1" falsecount="0"/>
      <line num="144" count="1" type="stmt"/>
      <line num="146" count="126" type="cond" truecount="1" falsecount="0"/>
      <line num="147" count="2" type="stmt"/>
      <line num="150" count="124" type="cond" truecount="1" falsecount="0"/>
      <line num="151" count="8" type="stmt"/>
      <line num="154" count="116" type="cond" truecount="1" falsecount="0"/>
      <line num="155" count="14" type="stmt"/>
      <line num="158" count="102" type="cond" truecount="1" falsecount="0"/>
      <line num="159" count="1" type="stmt"/>
      <line num="162" count="101" type="cond" truecount="1" falsecount="0"/>
      <line num="163" count="16" type="stmt"/>
      <line num="165" count="85" type="cond" truecount="1" falsecount="0"/>
      <line num="166" count="5" type="stmt"/>
      <line num="168" count="80" type="cond" truecount="1" falsecount="0"/>
      <line num="169" count="2" type="cond" truecount="3" falsecount="1"/>
      <line num="171" count="78" type="cond" truecount="1" falsecount="0"/>
      <line num="172" count="8" type="stmt"/>
      <line num="173" count="14" type="cond" truecount="1" falsecount="1"/>
      <line num="175" count="70" type="cond" truecount="1" falsecount="0"/>
      <line num="176" count="2" type="stmt"/>
      <line num="177" count="2" type="stmt"/>
      <line num="179" count="68" type="cond" truecount="1" falsecount="0"/>
      <line num="180" count="1" type="stmt"/>
      <line num="181" count="3" type="stmt"/>
      <line num="183" count="67" type="cond" truecount="1" falsecount="0"/>
      <line num="184" count="48" type="stmt"/>
      <line num="186" count="19" type="cond" truecount="1" falsecount="0"/>
      <line num="187" count="1" type="stmt"/>
      <line num="189" count="18" type="cond" truecount="1" falsecount="0"/>
      <line num="190" count="1" type="stmt"/>
      <line num="194" count="17" type="cond" truecount="1" falsecount="0"/>
      <line num="195" count="2" type="stmt"/>
      <line num="197" count="15" type="stmt"/>
      <line num="199" count="15" type="cond" truecount="1" falsecount="0"/>
      <line num="200" count="15" type="stmt"/>
      <line num="203" count="0" type="stmt"/>
      <line num="207" count="8" type="cond" truecount="1" falsecount="0"/>
      <line num="209" count="3" type="stmt"/>
      <line num="211" count="5" type="stmt"/>
      <line num="215" count="2" type="cond" truecount="0" falsecount="1"/>
      <line num="216" count="2" type="stmt"/>
      <line num="217" count="2" type="cond" truecount="0" falsecount="1"/>
      <line num="218" count="2" type="stmt"/>
      <line num="222" count="48" type="stmt"/>
      <line num="223" count="48" type="stmt"/>
      <line num="224" count="48" type="stmt"/>
      <line num="225" count="87" type="stmt"/>
      <line num="226" count="87" type="cond" truecount="4" falsecount="0"/>
      <line num="227" count="5" type="stmt"/>
      <line num="229" count="82" type="stmt"/>
      <line num="230" count="82" type="cond" truecount="0" falsecount="1"/>
      <line num="231" count="0" type="stmt"/>
      <line num="233" count="82" type="stmt"/>
      <line num="234" count="82" type="stmt"/>
      <line num="237" count="48" type="stmt"/>
      <line num="241" count="15" type="stmt"/>
      <line num="244" count="15" type="stmt"/>
      <line num="245" count="7" type="stmt"/>
      <line num="246" count="7" type="cond" truecount="1" falsecount="0"/>
      <line num="247" count="7" type="cond" truecount="6" falsecount="1"/>
      <line num="248" count="7" type="cond" truecount="1" falsecount="0"/>
      <line num="249" count="7" type="stmt"/>
      <line num="253" count="8" type="stmt"/>
      <line num="257" count="86" type="cond" truecount="1" falsecount="0"/>
      <line num="258" count="16" type="stmt"/>
      <line num="259" count="16" type="stmt"/>
      <line num="260" count="16" type="stmt"/>
      <line num="261" count="20" type="cond" truecount="0" falsecount="1"/>
      <line num="262" count="20" type="stmt"/>
      <line num="263" count="20" type="cond" truecount="1" falsecount="0"/>
      <line num="264" count="9" type="stmt"/>
      <line num="265" count="9" type="cond" truecount="1" falsecount="0"/>
      <line num="266" count="8" type="stmt"/>
      <line num="267" count="8" type="stmt"/>
      <line num="269" count="16" type="cond" truecount="1" falsecount="0"/>
      <line num="270" count="7" type="stmt"/>
      <line num="274" count="25" type="cond" truecount="0" falsecount="1"/>
      <line num="275" count="25" type="stmt"/>
      <line num="279" count="25" type="cond" truecount="3" falsecount="1"/>
      <line num="280" count="25" type="cond" truecount="0" falsecount="1"/>
      <line num="281" count="25" type="cond" truecount="2" falsecount="0"/>
      <line num="285" count="8" type="stmt"/>
      <line num="286" count="8" type="cond" truecount="1" falsecount="0"/>
      <line num="287" count="4" type="stmt"/>
      <line num="288" count="4" type="stmt"/>
      <line num="289" count="4" type="stmt"/>
      <line num="293" count="1" type="stmt"/>
      <line num="295" count="1" type="stmt"/>
    </file>
  </project>
</coverage>
