{"/Users/pengbo43/my_code/type-to-value/lib/index.ts": {"path":"/Users/pengbo43/my_code/type-to-value/lib/index.ts","statementMap":{"0":{"start":{"line":1,"column":0},"end":{"line":1,"column":155}},"1":{"start":{"line":9,"column":10},"end":{"line":9,"column":null}},"2":{"start":{"line":10,"column":10},"end":{"line":10,"column":null}},"3":{"start":{"line":13,"column":4},"end":{"line":13,"column":null}},"4":{"start":{"line":14,"column":4},"end":{"line":14,"column":null}},"5":{"start":{"line":15,"column":4},"end":{"line":15,"column":null}},"6":{"start":{"line":19,"column":4},"end":{"line":19,"column":null}},"7":{"start":{"line":23,"column":4},"end":{"line":23,"column":null}},"8":{"start":{"line":27,"column":31},"end":{"line":27,"column":38}},"9":{"start":{"line":28,"column":20},"end":{"line":28,"column":35}},"10":{"start":{"line":29,"column":4},"end":{"line":29,"column":null}},"11":{"start":{"line":30,"column":20},"end":{"line":30,"column":135}},"12":{"start":{"line":30,"column":54},"end":{"line":30,"column":98}},"13":{"start":{"line":30,"column":82},"end":{"line":30,"column":97}},"14":{"start":{"line":30,"column":115},"end":{"line":30,"column":126}},"15":{"start":{"line":32,"column":4},"end":{"line":47,"column":null}},"16":{"start":{"line":33,"column":29},"end":{"line":33,"column":58}},"17":{"start":{"line":34,"column":6},"end":{"line":34,"column":33}},"18":{"start":{"line":34,"column":27},"end":{"line":34,"column":33}},"19":{"start":{"line":35,"column":28},"end":{"line":35,"column":58}},"20":{"start":{"line":36,"column":26},"end":{"line":36,"column":57}},"21":{"start":{"line":37,"column":20},"end":{"line":37,"column":45}},"22":{"start":{"line":38,"column":19},"end":{"line":38,"column":63}},"23":{"start":{"line":39,"column":6},"end":{"line":46,"column":null}},"24":{"start":{"line":40,"column":8},"end":{"line":45,"column":null}},"25":{"start":{"line":41,"column":23},"end":{"line":41,"column":38}},"26":{"start":{"line":42,"column":10},"end":{"line":42,"column":null}},"27":{"start":{"line":44,"column":10},"end":{"line":44,"column":null}},"28":{"start":{"line":49,"column":4},"end":{"line":49,"column":null}},"29":{"start":{"line":53,"column":23},"end":{"line":53,"column":43}},"30":{"start":{"line":55,"column":4},"end":{"line":57,"column":null}},"31":{"start":{"line":56,"column":6},"end":{"line":56,"column":null}},"32":{"start":{"line":58,"column":4},"end":{"line":71,"column":null}},"33":{"start":{"line":59,"column":6},"end":{"line":59,"column":null}},"34":{"start":{"line":60,"column":11},"end":{"line":71,"column":null}},"35":{"start":{"line":61,"column":6},"end":{"line":61,"column":null}},"36":{"start":{"line":62,"column":11},"end":{"line":71,"column":null}},"37":{"start":{"line":63,"column":6},"end":{"line":63,"column":null}},"38":{"start":{"line":64,"column":11},"end":{"line":71,"column":null}},"39":{"start":{"line":65,"column":26},"end":{"line":65,"column":59}},"40":{"start":{"line":66,"column":6},"end":{"line":66,"column":null}},"41":{"start":{"line":67,"column":11},"end":{"line":71,"column":null}},"42":{"start":{"line":68,"column":6},"end":{"line":68,"column":null}},"43":{"start":{"line":69,"column":11},"end":{"line":71,"column":null}},"44":{"start":{"line":70,"column":6},"end":{"line":70,"column":null}},"45":{"start":{"line":72,"column":4},"end":{"line":72,"column":null}},"46":{"start":{"line":76,"column":4},"end":{"line":76,"column":32}},"47":{"start":{"line":76,"column":26},"end":{"line":76,"column":32}},"48":{"start":{"line":77,"column":20},"end":{"line":77,"column":48}},"49":{"start":{"line":78,"column":4},"end":{"line":78,"column":31}},"50":{"start":{"line":78,"column":25},"end":{"line":78,"column":31}},"51":{"start":{"line":79,"column":4},"end":{"line":79,"column":null}},"52":{"start":{"line":83,"column":23},"end":{"line":83,"column":43}},"53":{"start":{"line":84,"column":4},"end":{"line":86,"column":null}},"54":{"start":{"line":85,"column":6},"end":{"line":85,"column":null}},"55":{"start":{"line":87,"column":4},"end":{"line":87,"column":null}},"56":{"start":{"line":91,"column":23},"end":{"line":91,"column":25}},"57":{"start":{"line":92,"column":23},"end":{"line":92,"column":43}},"58":{"start":{"line":94,"column":4},"end":{"line":100,"column":null}},"59":{"start":{"line":95,"column":16},"end":{"line":95,"column":42}},"60":{"start":{"line":96,"column":6},"end":{"line":99,"column":null}},"61":{"start":{"line":97,"column":25},"end":{"line":97,"column":50}},"62":{"start":{"line":98,"column":8},"end":{"line":98,"column":null}},"63":{"start":{"line":101,"column":4},"end":{"line":101,"column":null}},"64":{"start":{"line":105,"column":17},"end":{"line":105,"column":31}},"65":{"start":{"line":106,"column":4},"end":{"line":117,"column":null}},"66":{"start":{"line":106,"column":16},"end":{"line":106,"column":17}},"67":{"start":{"line":107,"column":25},"end":{"line":107,"column":61}},"68":{"start":{"line":108,"column":6},"end":{"line":116,"column":null}},"69":{"start":{"line":109,"column":30},"end":{"line":109,"column":59}},"70":{"start":{"line":110,"column":25},"end":{"line":110,"column":54}},"71":{"start":{"line":111,"column":25},"end":{"line":111,"column":49}},"72":{"start":{"line":112,"column":8},"end":{"line":114,"column":null}},"73":{"start":{"line":113,"column":10},"end":{"line":113,"column":null}},"74":{"start":{"line":115,"column":8},"end":{"line":115,"column":null}},"75":{"start":{"line":118,"column":4},"end":{"line":118,"column":null}},"76":{"start":{"line":122,"column":23},"end":{"line":122,"column":25}},"77":{"start":{"line":123,"column":4},"end":{"line":123,"column":null}},"78":{"start":{"line":123,"column":31},"end":{"line":123,"column":null}},"79":{"start":{"line":125,"column":4},"end":{"line":133,"column":null}},"80":{"start":{"line":126,"column":19},"end":{"line":126,"column":33}},"81":{"start":{"line":127,"column":26},"end":{"line":127,"column":52}},"82":{"start":{"line":128,"column":6},"end":{"line":130,"column":null}},"83":{"start":{"line":129,"column":8},"end":{"line":129,"column":null}},"84":{"start":{"line":131,"column":23},"end":{"line":131,"column":58}},"85":{"start":{"line":132,"column":6},"end":{"line":132,"column":null}},"86":{"start":{"line":134,"column":4},"end":{"line":134,"column":null}},"87":{"start":{"line":138,"column":23},"end":{"line":138,"column":55}},"88":{"start":{"line":139,"column":4},"end":{"line":139,"column":null}},"89":{"start":{"line":139,"column":21},"end":{"line":139,"column":null}},"90":{"start":{"line":140,"column":33},"end":{"line":140,"column":74}},"91":{"start":{"line":141,"column":33},"end":{"line":141,"column":67}},"92":{"start":{"line":142,"column":4},"end":{"line":142,"column":null}},"93":{"start":{"line":8,"column":0},"end":{"line":8,"column":13}}},"fnMap":{"0":{"name":"(anonymous_0)","decl":{"start":{"line":12,"column":2},"end":{"line":12,"column":14}},"loc":{"start":{"line":12,"column":30},"end":{"line":16,"column":3}}},"1":{"name":"(anonymous_1)","decl":{"start":{"line":18,"column":2},"end":{"line":18,"column":6}},"loc":{"start":{"line":18,"column":14},"end":{"line":20,"column":3}}},"2":{"name":"(anonymous_2)","decl":{"start":{"line":22,"column":2},"end":{"line":22,"column":6}},"loc":{"start":{"line":22,"column":17},"end":{"line":24,"column":3}}},"3":{"name":"(anonymous_3)","decl":{"start":{"line":26,"column":2},"end":{"line":26,"column":6}},"loc":{"start":{"line":26,"column":23},"end":{"line":50,"column":3}}},"4":{"name":"(anonymous_4)","decl":{"start":{"line":30,"column":49},"end":{"line":30,"column":50}},"loc":{"start":{"line":30,"column":54},"end":{"line":30,"column":98}}},"5":{"name":"(anonymous_5)","decl":{"start":{"line":30,"column":77},"end":{"line":30,"column":78}},"loc":{"start":{"line":30,"column":82},"end":{"line":30,"column":97}}},"6":{"name":"(anonymous_6)","decl":{"start":{"line":30,"column":107},"end":{"line":30,"column":111}},"loc":{"start":{"line":30,"column":115},"end":{"line":30,"column":126}}},"7":{"name":"(anonymous_7)","decl":{"start":{"line":32,"column":20},"end":{"line":32,"column":26}},"loc":{"start":{"line":32,"column":29},"end":{"line":47,"column":5}}},"8":{"name":"(anonymous_8)","decl":{"start":{"line":40,"column":21},"end":{"line":40,"column":26}},"loc":{"start":{"line":40,"column":29},"end":{"line":45,"column":9}}},"9":{"name":"(anonymous_9)","decl":{"start":{"line":52,"column":2},"end":{"line":52,"column":15}},"loc":{"start":{"line":52,"column":35},"end":{"line":73,"column":3}}},"10":{"name":"(anonymous_10)","decl":{"start":{"line":75,"column":2},"end":{"line":75,"column":9}},"loc":{"start":{"line":75,"column":43},"end":{"line":80,"column":3}}},"11":{"name":"(anonymous_11)","decl":{"start":{"line":82,"column":2},"end":{"line":82,"column":11}},"loc":{"start":{"line":82,"column":31},"end":{"line":88,"column":3}}},"12":{"name":"(anonymous_12)","decl":{"start":{"line":90,"column":2},"end":{"line":90,"column":16}},"loc":{"start":{"line":90,"column":36},"end":{"line":102,"column":3}}},"13":{"name":"(anonymous_13)","decl":{"start":{"line":94,"column":23},"end":{"line":94,"column":27}},"loc":{"start":{"line":94,"column":30},"end":{"line":100,"column":5}}},"14":{"name":"(anonymous_14)","decl":{"start":{"line":104,"column":2},"end":{"line":104,"column":16}},"loc":{"start":{"line":104,"column":36},"end":{"line":119,"column":3}}},"15":{"name":"(anonymous_15)","decl":{"start":{"line":121,"column":2},"end":{"line":121,"column":9}},"loc":{"start":{"line":121,"column":76},"end":{"line":135,"column":3}}},"16":{"name":"(anonymous_16)","decl":{"start":{"line":125,"column":59},"end":{"line":125,"column":63}},"loc":{"start":{"line":125,"column":66},"end":{"line":133,"column":5}}},"17":{"name":"(anonymous_17)","decl":{"start":{"line":137,"column":2},"end":{"line":137,"column":5}},"loc":{"start":{"line":137,"column":37},"end":{"line":143,"column":3}}}},"branchMap":{"0":{"loc":{"start":{"line":34,"column":6},"end":{"line":34,"column":33}},"type":"if","locations":[{"start":{"line":34,"column":6},"end":{"line":34,"column":33}}]},"1":{"loc":{"start":{"line":39,"column":6},"end":{"line":46,"column":null}},"type":"if","locations":[{"start":{"line":39,"column":6},"end":{"line":46,"column":null}}]},"2":{"loc":{"start":{"line":42,"column":37},"end":{"line":42,"column":65}},"type":"binary-expr","locations":[{"start":{"line":42,"column":37},"end":{"line":42,"column":60}},{"start":{"line":42,"column":64},"end":{"line":42,"column":65}}]},"3":{"loc":{"start":{"line":55,"column":4},"end":{"line":57,"column":null}},"type":"if","locations":[{"start":{"line":55,"column":4},"end":{"line":57,"column":null}}]},"4":{"loc":{"start":{"line":58,"column":4},"end":{"line":71,"column":null}},"type":"if","locations":[{"start":{"line":58,"column":4},"end":{"line":71,"column":null}},{"start":{"line":60,"column":11},"end":{"line":71,"column":null}}]},"5":{"loc":{"start":{"line":60,"column":11},"end":{"line":71,"column":null}},"type":"if","locations":[{"start":{"line":60,"column":11},"end":{"line":71,"column":null}},{"start":{"line":62,"column":11},"end":{"line":71,"column":null}}]},"6":{"loc":{"start":{"line":62,"column":11},"end":{"line":71,"column":null}},"type":"if","locations":[{"start":{"line":62,"column":11},"end":{"line":71,"column":null}},{"start":{"line":64,"column":11},"end":{"line":71,"column":null}}]},"7":{"loc":{"start":{"line":64,"column":11},"end":{"line":71,"column":null}},"type":"if","locations":[{"start":{"line":64,"column":11},"end":{"line":71,"column":null}},{"start":{"line":67,"column":11},"end":{"line":71,"column":null}}]},"8":{"loc":{"start":{"line":67,"column":11},"end":{"line":71,"column":null}},"type":"if","locations":[{"start":{"line":67,"column":11},"end":{"line":71,"column":null}},{"start":{"line":69,"column":11},"end":{"line":71,"column":null}}]},"9":{"loc":{"start":{"line":69,"column":11},"end":{"line":71,"column":null}},"type":"if","locations":[{"start":{"line":69,"column":11},"end":{"line":71,"column":null}}]},"10":{"loc":{"start":{"line":70,"column":26},"end":{"line":70,"column":106}},"type":"cond-expr","locations":[{"start":{"line":70,"column":42},"end":{"line":70,"column":44}},{"start":{"line":70,"column":42},"end":{"line":70,"column":106}}]},"11":{"loc":{"start":{"line":70,"column":26},"end":{"line":70,"column":44}},"type":"binary-expr","locations":[{"start":{"line":70,"column":26},"end":{"line":70,"column":44}},{"start":{"line":70,"column":42},"end":{"line":70,"column":44}}]},"12":{"loc":{"start":{"line":76,"column":4},"end":{"line":76,"column":32}},"type":"if","locations":[{"start":{"line":76,"column":4},"end":{"line":76,"column":32}}]},"13":{"loc":{"start":{"line":78,"column":4},"end":{"line":78,"column":31}},"type":"if","locations":[{"start":{"line":78,"column":4},"end":{"line":78,"column":31}}]},"14":{"loc":{"start":{"line":84,"column":4},"end":{"line":86,"column":null}},"type":"if","locations":[{"start":{"line":84,"column":4},"end":{"line":86,"column":null}}]},"15":{"loc":{"start":{"line":96,"column":6},"end":{"line":99,"column":null}},"type":"if","locations":[{"start":{"line":96,"column":6},"end":{"line":99,"column":null}}]},"16":{"loc":{"start":{"line":108,"column":6},"end":{"line":116,"column":null}},"type":"if","locations":[{"start":{"line":108,"column":6},"end":{"line":116,"column":null}}]},"17":{"loc":{"start":{"line":112,"column":8},"end":{"line":114,"column":null}},"type":"if","locations":[{"start":{"line":112,"column":8},"end":{"line":114,"column":null}}]},"18":{"loc":{"start":{"line":115,"column":28},"end":{"line":115,"column":53}},"type":"binary-expr","locations":[{"start":{"line":115,"column":28},"end":{"line":115,"column":41}},{"start":{"line":115,"column":45},"end":{"line":115,"column":53}}]},"19":{"loc":{"start":{"line":123,"column":4},"end":{"line":123,"column":null}},"type":"if","locations":[{"start":{"line":123,"column":4},"end":{"line":123,"column":null}}]},"20":{"loc":{"start":{"line":128,"column":6},"end":{"line":130,"column":null}},"type":"if","locations":[{"start":{"line":128,"column":6},"end":{"line":130,"column":null}}]},"21":{"loc":{"start":{"line":139,"column":4},"end":{"line":139,"column":null}},"type":"if","locations":[{"start":{"line":139,"column":4},"end":{"line":139,"column":null}}]},"22":{"loc":{"start":{"line":142,"column":24},"end":{"line":142,"column":68}},"type":"binary-expr","locations":[{"start":{"line":142,"column":24},"end":{"line":142,"column":44}},{"start":{"line":142,"column":48},"end":{"line":142,"column":68}}]}},"s":{"0":1,"1":1,"2":1,"3":1,"4":1,"5":1,"6":0,"7":1,"8":1,"9":1,"10":1,"11":1,"12":1,"13":1,"14":1,"15":1,"16":1,"17":1,"18":0,"19":1,"20":1,"21":1,"22":1,"23":1,"24":1,"25":1,"26":1,"27":1,"28":1,"29":2,"30":2,"31":0,"32":2,"33":1,"34":1,"35":1,"36":0,"37":0,"38":0,"39":0,"40":0,"41":0,"42":0,"43":0,"44":0,"45":0,"46":0,"47":0,"48":0,"49":0,"50":0,"51":0,"52":0,"53":0,"54":0,"55":0,"56":0,"57":0,"58":0,"59":0,"60":0,"61":0,"62":0,"63":0,"64":0,"65":0,"66":0,"67":0,"68":0,"69":0,"70":0,"71":0,"72":0,"73":0,"74":0,"75":0,"76":1,"77":1,"78":0,"79":1,"80":2,"81":2,"82":2,"83":0,"84":2,"85":2,"86":1,"87":1,"88":1,"89":0,"90":1,"91":1,"92":1,"93":1},"f":{"0":1,"1":0,"2":1,"3":1,"4":1,"5":1,"6":1,"7":1,"8":1,"9":2,"10":0,"11":0,"12":0,"13":0,"14":0,"15":1,"16":2,"17":1},"b":{"0":[0],"1":[1],"2":[1,1],"3":[0],"4":[1,1],"5":[1,0],"6":[0,0],"7":[0,0],"8":[0,0],"9":[0],"10":[0,0],"11":[0,0],"12":[0],"13":[0],"14":[0],"15":[0],"16":[0],"17":[0],"18":[0,0],"19":[0],"20":[0],"21":[0],"22":[1,0]}}
}
