{"/Users/pengbo43/my_code/type-to-value/lib/index.ts": {"path":"/Users/pengbo43/my_code/type-to-value/lib/index.ts","statementMap":{"0":{"start":{"line":1,"column":0},"end":{"line":1,"column":155}},"1":{"start":{"line":2,"column":0},"end":{"line":2,"column":34}},"2":{"start":{"line":3,"column":0},"end":{"line":3,"column":32}},"3":{"start":{"line":10,"column":10},"end":{"line":10,"column":null}},"4":{"start":{"line":11,"column":10},"end":{"line":11,"column":null}},"5":{"start":{"line":14,"column":4},"end":{"line":14,"column":null}},"6":{"start":{"line":15,"column":4},"end":{"line":15,"column":null}},"7":{"start":{"line":16,"column":4},"end":{"line":16,"column":null}},"8":{"start":{"line":20,"column":4},"end":{"line":20,"column":null}},"9":{"start":{"line":24,"column":43},"end":{"line":24,"column":45}},"10":{"start":{"line":25,"column":4},"end":{"line":27,"column":null}},"11":{"start":{"line":26,"column":6},"end":{"line":26,"column":null}},"12":{"start":{"line":29,"column":4},"end":{"line":29,"column":null}},"13":{"start":{"line":33,"column":4},"end":{"line":33,"column":null}},"14":{"start":{"line":37,"column":31},"end":{"line":37,"column":38}},"15":{"start":{"line":38,"column":20},"end":{"line":40,"column":6}},"16":{"start":{"line":41,"column":4},"end":{"line":41,"column":null}},"17":{"start":{"line":42,"column":20},"end":{"line":42,"column":135}},"18":{"start":{"line":42,"column":54},"end":{"line":42,"column":98}},"19":{"start":{"line":42,"column":82},"end":{"line":42,"column":97}},"20":{"start":{"line":42,"column":115},"end":{"line":42,"column":126}},"21":{"start":{"line":44,"column":4},"end":{"line":59,"column":null}},"22":{"start":{"line":45,"column":29},"end":{"line":45,"column":58}},"23":{"start":{"line":46,"column":6},"end":{"line":46,"column":33}},"24":{"start":{"line":46,"column":27},"end":{"line":46,"column":33}},"25":{"start":{"line":47,"column":28},"end":{"line":47,"column":58}},"26":{"start":{"line":48,"column":26},"end":{"line":48,"column":57}},"27":{"start":{"line":49,"column":20},"end":{"line":49,"column":45}},"28":{"start":{"line":50,"column":19},"end":{"line":50,"column":63}},"29":{"start":{"line":51,"column":6},"end":{"line":58,"column":null}},"30":{"start":{"line":52,"column":8},"end":{"line":57,"column":null}},"31":{"start":{"line":53,"column":23},"end":{"line":53,"column":38}},"32":{"start":{"line":54,"column":10},"end":{"line":54,"column":null}},"33":{"start":{"line":56,"column":10},"end":{"line":56,"column":null}},"34":{"start":{"line":61,"column":4},"end":{"line":61,"column":null}},"35":{"start":{"line":65,"column":23},"end":{"line":65,"column":43}},"36":{"start":{"line":66,"column":4},"end":{"line":68,"column":null}},"37":{"start":{"line":67,"column":6},"end":{"line":67,"column":null}},"38":{"start":{"line":69,"column":4},"end":{"line":71,"column":null}},"39":{"start":{"line":70,"column":6},"end":{"line":70,"column":null}},"40":{"start":{"line":73,"column":4},"end":{"line":75,"column":null}},"41":{"start":{"line":74,"column":6},"end":{"line":74,"column":null}},"42":{"start":{"line":78,"column":4},"end":{"line":80,"column":null}},"43":{"start":{"line":79,"column":6},"end":{"line":79,"column":null}},"44":{"start":{"line":82,"column":4},"end":{"line":98,"column":null}},"45":{"start":{"line":83,"column":6},"end":{"line":83,"column":null}},"46":{"start":{"line":84,"column":11},"end":{"line":98,"column":null}},"47":{"start":{"line":85,"column":6},"end":{"line":85,"column":null}},"48":{"start":{"line":86,"column":11},"end":{"line":98,"column":null}},"49":{"start":{"line":87,"column":6},"end":{"line":87,"column":null}},"50":{"start":{"line":88,"column":11},"end":{"line":98,"column":null}},"51":{"start":{"line":89,"column":26},"end":{"line":89,"column":59}},"52":{"start":{"line":90,"column":6},"end":{"line":90,"column":null}},"53":{"start":{"line":91,"column":11},"end":{"line":98,"column":null}},"54":{"start":{"line":92,"column":28},"end":{"line":92,"column":51}},"55":{"start":{"line":93,"column":6},"end":{"line":93,"column":null}},"56":{"start":{"line":93,"column":42},"end":{"line":93,"column":69}},"57":{"start":{"line":94,"column":10},"end":{"line":98,"column":null}},"58":{"start":{"line":95,"column":6},"end":{"line":95,"column":null}},"59":{"start":{"line":96,"column":11},"end":{"line":98,"column":null}},"60":{"start":{"line":97,"column":6},"end":{"line":97,"column":null}},"61":{"start":{"line":99,"column":4},"end":{"line":99,"column":null}},"62":{"start":{"line":103,"column":4},"end":{"line":106,"column":null}},"63":{"start":{"line":105,"column":6},"end":{"line":105,"column":null}},"64":{"start":{"line":107,"column":4},"end":{"line":107,"column":null}},"65":{"start":{"line":111,"column":4},"end":{"line":111,"column":32}},"66":{"start":{"line":111,"column":26},"end":{"line":111,"column":32}},"67":{"start":{"line":112,"column":20},"end":{"line":112,"column":48}},"68":{"start":{"line":113,"column":4},"end":{"line":113,"column":31}},"69":{"start":{"line":113,"column":25},"end":{"line":113,"column":31}},"70":{"start":{"line":114,"column":4},"end":{"line":114,"column":null}},"71":{"start":{"line":118,"column":23},"end":{"line":118,"column":25}},"72":{"start":{"line":119,"column":23},"end":{"line":119,"column":43}},"73":{"start":{"line":121,"column":4},"end":{"line":127,"column":null}},"74":{"start":{"line":122,"column":16},"end":{"line":122,"column":42}},"75":{"start":{"line":123,"column":6},"end":{"line":126,"column":null}},"76":{"start":{"line":124,"column":25},"end":{"line":124,"column":50}},"77":{"start":{"line":125,"column":8},"end":{"line":125,"column":null}},"78":{"start":{"line":128,"column":4},"end":{"line":128,"column":null}},"79":{"start":{"line":132,"column":17},"end":{"line":132,"column":31}},"80":{"start":{"line":135,"column":4},"end":{"line":143,"column":null}},"81":{"start":{"line":135,"column":16},"end":{"line":135,"column":17}},"82":{"start":{"line":136,"column":25},"end":{"line":136,"column":61}},"83":{"start":{"line":137,"column":6},"end":{"line":142,"column":null}},"84":{"start":{"line":138,"column":37},"end":{"line":138,"column":140}},"85":{"start":{"line":139,"column":8},"end":{"line":141,"column":null}},"86":{"start":{"line":140,"column":10},"end":{"line":140,"column":null}},"87":{"start":{"line":144,"column":4},"end":{"line":144,"column":null}},"88":{"start":{"line":148,"column":4},"end":{"line":148,"column":null}},"89":{"start":{"line":148,"column":31},"end":{"line":148,"column":null}},"90":{"start":{"line":149,"column":4},"end":{"line":149,"column":null}},"91":{"start":{"line":153,"column":23},"end":{"line":153,"column":55}},"92":{"start":{"line":154,"column":4},"end":{"line":154,"column":null}},"93":{"start":{"line":154,"column":21},"end":{"line":154,"column":null}},"94":{"start":{"line":155,"column":4},"end":{"line":155,"column":null}},"95":{"start":{"line":9,"column":0},"end":{"line":9,"column":13}}},"fnMap":{"0":{"name":"(anonymous_0)","decl":{"start":{"line":13,"column":2},"end":{"line":13,"column":14}},"loc":{"start":{"line":13,"column":30},"end":{"line":17,"column":3}}},"1":{"name":"(anonymous_1)","decl":{"start":{"line":19,"column":2},"end":{"line":19,"column":6}},"loc":{"start":{"line":19,"column":14},"end":{"line":21,"column":3}}},"2":{"name":"(anonymous_2)","decl":{"start":{"line":23,"column":2},"end":{"line":23,"column":6}},"loc":{"start":{"line":23,"column":22},"end":{"line":30,"column":3}}},"3":{"name":"(anonymous_3)","decl":{"start":{"line":25,"column":45},"end":{"line":25,"column":46}},"loc":{"start":{"line":25,"column":67},"end":{"line":27,"column":5}}},"4":{"name":"(anonymous_4)","decl":{"start":{"line":32,"column":2},"end":{"line":32,"column":6}},"loc":{"start":{"line":32,"column":17},"end":{"line":34,"column":3}}},"5":{"name":"(anonymous_5)","decl":{"start":{"line":36,"column":2},"end":{"line":36,"column":6}},"loc":{"start":{"line":36,"column":23},"end":{"line":62,"column":3}}},"6":{"name":"(anonymous_6)","decl":{"start":{"line":42,"column":49},"end":{"line":42,"column":50}},"loc":{"start":{"line":42,"column":54},"end":{"line":42,"column":98}}},"7":{"name":"(anonymous_7)","decl":{"start":{"line":42,"column":77},"end":{"line":42,"column":78}},"loc":{"start":{"line":42,"column":82},"end":{"line":42,"column":97}}},"8":{"name":"(anonymous_8)","decl":{"start":{"line":42,"column":107},"end":{"line":42,"column":111}},"loc":{"start":{"line":42,"column":115},"end":{"line":42,"column":126}}},"9":{"name":"(anonymous_9)","decl":{"start":{"line":44,"column":20},"end":{"line":44,"column":26}},"loc":{"start":{"line":44,"column":29},"end":{"line":59,"column":5}}},"10":{"name":"(anonymous_10)","decl":{"start":{"line":52,"column":21},"end":{"line":52,"column":26}},"loc":{"start":{"line":52,"column":29},"end":{"line":57,"column":9}}},"11":{"name":"(anonymous_11)","decl":{"start":{"line":64,"column":2},"end":{"line":64,"column":15}},"loc":{"start":{"line":64,"column":35},"end":{"line":100,"column":3}}},"12":{"name":"(anonymous_12)","decl":{"start":{"line":93,"column":31},"end":{"line":93,"column":38}},"loc":{"start":{"line":93,"column":42},"end":{"line":93,"column":69}}},"13":{"name":"(anonymous_13)","decl":{"start":{"line":102,"column":2},"end":{"line":102,"column":17}},"loc":{"start":{"line":102,"column":37},"end":{"line":108,"column":3}}},"14":{"name":"(anonymous_14)","decl":{"start":{"line":110,"column":2},"end":{"line":110,"column":9}},"loc":{"start":{"line":110,"column":43},"end":{"line":115,"column":3}}},"15":{"name":"(anonymous_15)","decl":{"start":{"line":117,"column":2},"end":{"line":117,"column":16}},"loc":{"start":{"line":117,"column":36},"end":{"line":129,"column":3}}},"16":{"name":"(anonymous_16)","decl":{"start":{"line":121,"column":23},"end":{"line":121,"column":27}},"loc":{"start":{"line":121,"column":30},"end":{"line":127,"column":5}}},"17":{"name":"(anonymous_17)","decl":{"start":{"line":131,"column":2},"end":{"line":131,"column":16}},"loc":{"start":{"line":131,"column":36},"end":{"line":145,"column":3}}},"18":{"name":"(anonymous_18)","decl":{"start":{"line":147,"column":2},"end":{"line":147,"column":9}},"loc":{"start":{"line":147,"column":76},"end":{"line":150,"column":3}}},"19":{"name":"(anonymous_19)","decl":{"start":{"line":152,"column":2},"end":{"line":152,"column":5}},"loc":{"start":{"line":152,"column":37},"end":{"line":156,"column":3}}}},"branchMap":{"0":{"loc":{"start":{"line":46,"column":6},"end":{"line":46,"column":33}},"type":"if","locations":[{"start":{"line":46,"column":6},"end":{"line":46,"column":33}}]},"1":{"loc":{"start":{"line":51,"column":6},"end":{"line":58,"column":null}},"type":"if","locations":[{"start":{"line":51,"column":6},"end":{"line":58,"column":null}}]},"2":{"loc":{"start":{"line":54,"column":37},"end":{"line":54,"column":65}},"type":"binary-expr","locations":[{"start":{"line":54,"column":37},"end":{"line":54,"column":60}},{"start":{"line":54,"column":64},"end":{"line":54,"column":65}}]},"3":{"loc":{"start":{"line":66,"column":4},"end":{"line":68,"column":null}},"type":"if","locations":[{"start":{"line":66,"column":4},"end":{"line":68,"column":null}}]},"4":{"loc":{"start":{"line":69,"column":4},"end":{"line":71,"column":null}},"type":"if","locations":[{"start":{"line":69,"column":4},"end":{"line":71,"column":null}}]},"5":{"loc":{"start":{"line":73,"column":4},"end":{"line":75,"column":null}},"type":"if","locations":[{"start":{"line":73,"column":4},"end":{"line":75,"column":null}}]},"6":{"loc":{"start":{"line":78,"column":4},"end":{"line":80,"column":null}},"type":"if","locations":[{"start":{"line":78,"column":4},"end":{"line":80,"column":null}}]},"7":{"loc":{"start":{"line":82,"column":4},"end":{"line":98,"column":null}},"type":"if","locations":[{"start":{"line":82,"column":4},"end":{"line":98,"column":null}},{"start":{"line":84,"column":11},"end":{"line":98,"column":null}}]},"8":{"loc":{"start":{"line":84,"column":11},"end":{"line":98,"column":null}},"type":"if","locations":[{"start":{"line":84,"column":11},"end":{"line":98,"column":null}},{"start":{"line":86,"column":11},"end":{"line":98,"column":null}}]},"9":{"loc":{"start":{"line":86,"column":11},"end":{"line":98,"column":null}},"type":"if","locations":[{"start":{"line":86,"column":11},"end":{"line":98,"column":null}},{"start":{"line":88,"column":11},"end":{"line":98,"column":null}}]},"10":{"loc":{"start":{"line":88,"column":11},"end":{"line":98,"column":null}},"type":"if","locations":[{"start":{"line":88,"column":11},"end":{"line":98,"column":null}},{"start":{"line":91,"column":11},"end":{"line":98,"column":null}}]},"11":{"loc":{"start":{"line":91,"column":11},"end":{"line":98,"column":null}},"type":"if","locations":[{"start":{"line":91,"column":11},"end":{"line":98,"column":null}},{"start":{"line":94,"column":10},"end":{"line":98,"column":null}}]},"12":{"loc":{"start":{"line":94,"column":10},"end":{"line":98,"column":null}},"type":"if","locations":[{"start":{"line":94,"column":10},"end":{"line":98,"column":null}},{"start":{"line":96,"column":11},"end":{"line":98,"column":null}}]},"13":{"loc":{"start":{"line":96,"column":11},"end":{"line":98,"column":null}},"type":"if","locations":[{"start":{"line":96,"column":11},"end":{"line":98,"column":null}}]},"14":{"loc":{"start":{"line":97,"column":26},"end":{"line":97,"column":106}},"type":"cond-expr","locations":[{"start":{"line":97,"column":42},"end":{"line":97,"column":44}},{"start":{"line":97,"column":42},"end":{"line":97,"column":106}}]},"15":{"loc":{"start":{"line":97,"column":26},"end":{"line":97,"column":44}},"type":"binary-expr","locations":[{"start":{"line":97,"column":26},"end":{"line":97,"column":44}},{"start":{"line":97,"column":42},"end":{"line":97,"column":44}}]},"16":{"loc":{"start":{"line":103,"column":4},"end":{"line":106,"column":null}},"type":"if","locations":[{"start":{"line":103,"column":4},"end":{"line":106,"column":null}}]},"17":{"loc":{"start":{"line":111,"column":4},"end":{"line":111,"column":32}},"type":"if","locations":[{"start":{"line":111,"column":4},"end":{"line":111,"column":32}}]},"18":{"loc":{"start":{"line":113,"column":4},"end":{"line":113,"column":31}},"type":"if","locations":[{"start":{"line":113,"column":4},"end":{"line":113,"column":31}}]},"19":{"loc":{"start":{"line":123,"column":6},"end":{"line":126,"column":null}},"type":"if","locations":[{"start":{"line":123,"column":6},"end":{"line":126,"column":null}}]},"20":{"loc":{"start":{"line":137,"column":6},"end":{"line":142,"column":null}},"type":"if","locations":[{"start":{"line":137,"column":6},"end":{"line":142,"column":null}}]},"21":{"loc":{"start":{"line":138,"column":37},"end":{"line":138,"column":140}},"type":"cond-expr","locations":[{"start":{"line":138,"column":129},"end":{"line":138,"column":131}},{"start":{"line":138,"column":129},"end":{"line":138,"column":140}}]},"22":{"loc":{"start":{"line":138,"column":37},"end":{"line":138,"column":131}},"type":"binary-expr","locations":[{"start":{"line":138,"column":37},"end":{"line":138,"column":131}},{"start":{"line":138,"column":129},"end":{"line":138,"column":131}}]},"23":{"loc":{"start":{"line":138,"column":38},"end":{"line":138,"column":128}},"type":"binary-expr","locations":[{"start":{"line":138,"column":38},"end":{"line":138,"column":67}},{"start":{"line":138,"column":71},"end":{"line":138,"column":100}},{"start":{"line":138,"column":104},"end":{"line":138,"column":128}}]},"24":{"loc":{"start":{"line":139,"column":8},"end":{"line":141,"column":null}},"type":"if","locations":[{"start":{"line":139,"column":8},"end":{"line":141,"column":null}}]},"25":{"loc":{"start":{"line":148,"column":4},"end":{"line":148,"column":null}},"type":"if","locations":[{"start":{"line":148,"column":4},"end":{"line":148,"column":null}}]},"26":{"loc":{"start":{"line":154,"column":4},"end":{"line":154,"column":null}},"type":"if","locations":[{"start":{"line":154,"column":4},"end":{"line":154,"column":null}}]},"27":{"loc":{"start":{"line":155,"column":24},"end":{"line":155,"column":96}},"type":"binary-expr","locations":[{"start":{"line":155,"column":24},"end":{"line":155,"column":58}},{"start":{"line":155,"column":62},"end":{"line":155,"column":96}}]}},"s":{"0":6,"1":6,"2":6,"3":6,"4":6,"5":6,"6":6,"7":6,"8":5,"9":1,"10":1,"11":13,"12":1,"13":4,"14":6,"15":6,"16":6,"17":6,"18":14,"19":22,"20":14,"21":6,"22":22,"23":22,"24":0,"25":22,"26":22,"27":22,"28":22,"29":22,"30":21,"31":33,"32":33,"33":33,"34":6,"35":44,"36":44,"37":1,"38":43,"39":1,"40":42,"41":5,"42":37,"43":6,"44":31,"45":5,"46":26,"47":5,"48":21,"49":2,"50":19,"51":2,"52":2,"53":17,"54":1,"55":1,"56":3,"57":16,"58":14,"59":2,"60":2,"61":0,"62":5,"63":1,"64":4,"65":2,"66":0,"67":2,"68":2,"69":0,"70":2,"71":14,"72":14,"73":14,"74":26,"75":26,"76":26,"77":26,"78":14,"79":6,"80":6,"81":6,"82":3,"83":3,"84":3,"85":3,"86":3,"87":3,"88":10,"89":0,"90":10,"91":10,"92":10,"93":0,"94":10,"95":6},"f":{"0":6,"1":5,"2":1,"3":13,"4":4,"5":6,"6":14,"7":22,"8":14,"9":22,"10":33,"11":44,"12":3,"13":5,"14":2,"15":14,"16":26,"17":6,"18":10,"19":10},"b":{"0":[0],"1":[21],"2":[33,33],"3":[1],"4":[1],"5":[5],"6":[6],"7":[5,26],"8":[5,21],"9":[2,19],"10":[2,17],"11":[1,16],"12":[14,2],"13":[2],"14":[0,2],"15":[2,2],"16":[1],"17":[0],"18":[0],"19":[26],"20":[3],"21":[0,3],"22":[3,3],"23":[3,1,1],"24":[3],"25":[0],"26":[0],"27":[10,2]}}
}
