TN:
SF:lib/index.ts
FN:18,(anonymous_0)
FN:24,(anonymous_1)
FN:28,(anonymous_2)
FN:30,(anonymous_3)
FN:37,(anonymous_4)
FN:41,(anonymous_5)
FN:47,(anonymous_6)
FN:47,(anonymous_7)
FN:47,(anonymous_8)
FN:49,(anonymous_9)
FN:57,(anonymous_10)
FN:69,(anonymous_11)
FN:107,(anonymous_12)
FN:127,(anonymous_13)
FN:135,(anonymous_14)
FN:142,(anonymous_15)
FN:145,(anonymous_16)
FN:159,(anonymous_17)
FN:175,(anonymous_18)
FN:179,(anonymous_19)
FN:192,(anonymous_20)
FN:197,(anonymous_21)
FNF:22
FNH:22
FNDA:10,(anonymous_0)
FNDA:5,(anonymous_1)
FNDA:1,(anonymous_2)
FNDA:21,(anonymous_3)
FNDA:4,(anonymous_4)
FNDA:10,(anonymous_5)
FNDA:22,(anonymous_6)
FNDA:35,(anonymous_7)
FNDA:22,(anonymous_8)
FNDA:35,(anonymous_9)
FNDA:62,(anonymous_10)
FNDA:90,(anonymous_11)
FNDA:3,(anonymous_12)
FNDA:6,(anonymous_13)
FNDA:2,(anonymous_14)
FNDA:40,(anonymous_15)
FNDA:63,(anonymous_16)
FNDA:10,(anonymous_17)
FNDA:62,(anonymous_18)
FNDA:20,(anonymous_19)
FNDA:18,(anonymous_20)
FNDA:18,(anonymous_21)
DA:1,10
DA:2,10
DA:3,10
DA:14,10
DA:15,10
DA:16,10
DA:19,10
DA:20,10
DA:21,10
DA:25,5
DA:29,1
DA:30,1
DA:31,21
DA:34,1
DA:38,4
DA:42,10
DA:43,10
DA:46,10
DA:47,35
DA:49,10
DA:50,35
DA:51,35
DA:52,35
DA:53,35
DA:54,35
DA:55,35
DA:56,35
DA:57,34
DA:58,62
DA:59,62
DA:61,62
DA:66,10
DA:70,90
DA:71,1
DA:73,89
DA:74,1
DA:77,88
DA:78,6
DA:81,82
DA:82,8
DA:85,74
DA:86,1
DA:89,73
DA:90,9
DA:92,64
DA:93,4
DA:95,60
DA:96,2
DA:98,58
DA:99,2
DA:101,56
DA:102,2
DA:103,2
DA:105,54
DA:106,1
DA:107,3
DA:109,53
DA:110,40
DA:112,13
DA:113,1
DA:115,12
DA:116,1
DA:118,11
DA:120,11
DA:121,10
DA:124,1
DA:128,6
DA:130,1
DA:132,5
DA:136,2
DA:137,2
DA:138,2
DA:139,2
DA:143,40
DA:144,40
DA:145,40
DA:146,63
DA:147,63
DA:148,5
DA:150,58
DA:151,58
DA:152,58
DA:153,58
DA:156,40
DA:160,10
DA:163,10
DA:164,7
DA:165,7
DA:166,7
DA:167,7
DA:168,7
DA:172,3
DA:176,62
DA:177,16
DA:178,16
DA:179,16
DA:180,20
DA:181,20
DA:182,20
DA:183,9
DA:184,9
DA:185,8
DA:186,8
DA:188,16
DA:189,7
DA:193,18
DA:194,18
DA:198,18
DA:199,18
DA:200,18
LF:110
LH:110
BRDA:42,0,0,10
BRDA:51,1,0,0
BRDA:56,2,0,34
BRDA:59,3,0,62
BRDA:59,3,1,62
BRDA:70,4,0,1
BRDA:73,5,0,1
BRDA:77,6,0,6
BRDA:81,7,0,8
BRDA:85,8,0,1
BRDA:89,9,0,9
BRDA:92,10,0,4
BRDA:95,11,0,2
BRDA:96,12,0,0
BRDA:96,12,1,2
BRDA:96,13,0,2
BRDA:96,13,1,2
BRDA:98,14,0,2
BRDA:101,15,0,2
BRDA:105,16,0,1
BRDA:109,17,0,40
BRDA:112,18,0,1
BRDA:115,19,0,1
BRDA:120,20,0,10
BRDA:128,21,0,1
BRDA:136,22,0,0
BRDA:138,23,0,0
BRDA:147,24,0,5
BRDA:147,24,1,58
BRDA:147,25,0,63
BRDA:147,25,1,17
BRDA:151,26,0,0
BRDA:165,27,0,7
BRDA:166,28,0,0
BRDA:166,28,1,7
BRDA:166,29,0,7
BRDA:166,29,1,7
BRDA:166,30,0,7
BRDA:166,30,1,1
BRDA:166,30,2,1
BRDA:167,31,0,7
BRDA:176,32,0,46
BRDA:180,33,0,0
BRDA:182,34,0,11
BRDA:184,35,0,1
BRDA:188,36,0,9
BRDA:193,37,0,0
BRDA:199,38,0,0
BRDA:200,39,0,18
BRDA:200,39,1,2
BRF:50
BRH:41
end_of_record
