TN:
SF:lib/index.ts
FN:13,(anonymous_0)
FN:19,(anonymous_1)
FN:23,(anonymous_2)
FN:25,(anonymous_3)
FN:32,(anonymous_4)
FN:36,(anonymous_5)
FN:42,(anonymous_6)
FN:42,(anonymous_7)
FN:42,(anonymous_8)
FN:44,(anonymous_9)
FN:52,(anonymous_10)
FN:64,(anonymous_11)
FN:93,(anonymous_12)
FN:102,(anonymous_13)
FN:110,(anonymous_14)
FN:117,(anonymous_15)
FN:121,(anonymous_16)
FN:131,(anonymous_17)
FN:147,(anonymous_18)
FN:152,(anonymous_19)
FNF:20
FNH:20
FNDA:6,(anonymous_0)
FNDA:5,(anonymous_1)
FNDA:1,(anonymous_2)
FNDA:13,(anonymous_3)
FNDA:4,(anonymous_4)
FNDA:6,(anonymous_5)
FNDA:14,(anonymous_6)
FNDA:22,(anonymous_7)
FNDA:14,(anonymous_8)
FNDA:22,(anonymous_9)
FNDA:33,(anonymous_10)
FNDA:44,(anonymous_11)
FNDA:3,(anonymous_12)
FNDA:5,(anonymous_13)
FNDA:2,(anonymous_14)
FNDA:14,(anonymous_15)
FNDA:26,(anonymous_16)
FNDA:6,(anonymous_17)
FNDA:10,(anonymous_18)
FNDA:10,(anonymous_19)
DA:1,6
DA:2,6
DA:3,6
DA:9,6
DA:10,6
DA:11,6
DA:14,6
DA:15,6
DA:16,6
DA:20,5
DA:24,1
DA:25,1
DA:26,13
DA:29,1
DA:33,4
DA:37,6
DA:38,6
DA:41,6
DA:42,22
DA:44,6
DA:45,22
DA:46,22
DA:47,22
DA:48,22
DA:49,22
DA:50,22
DA:51,22
DA:52,21
DA:53,33
DA:54,33
DA:56,33
DA:61,6
DA:65,44
DA:66,44
DA:67,1
DA:69,43
DA:70,1
DA:73,42
DA:74,5
DA:78,37
DA:79,6
DA:82,31
DA:83,5
DA:84,26
DA:85,5
DA:86,21
DA:87,2
DA:88,19
DA:89,2
DA:90,2
DA:91,17
DA:92,1
DA:93,3
DA:94,16
DA:95,14
DA:96,2
DA:97,2
DA:99,0
DA:103,5
DA:105,1
DA:107,4
DA:111,2
DA:112,2
DA:113,2
DA:114,2
DA:118,14
DA:119,14
DA:121,14
DA:122,26
DA:123,26
DA:124,26
DA:125,26
DA:128,14
DA:132,6
DA:135,6
DA:136,3
DA:137,3
DA:138,3
DA:139,3
DA:140,3
DA:144,3
DA:148,10
DA:149,10
DA:153,10
DA:154,10
DA:155,10
LF:86
LH:85
BRDA:46,0,0,0
BRDA:51,1,0,21
BRDA:54,2,0,33
BRDA:54,2,1,33
BRDA:66,3,0,1
BRDA:69,4,0,1
BRDA:73,5,0,5
BRDA:78,6,0,6
BRDA:82,7,0,5
BRDA:82,7,1,26
BRDA:84,8,0,5
BRDA:84,8,1,21
BRDA:86,9,0,2
BRDA:86,9,1,19
BRDA:88,10,0,2
BRDA:88,10,1,17
BRDA:91,11,0,1
BRDA:91,11,1,16
BRDA:94,12,0,14
BRDA:94,12,1,2
BRDA:96,13,0,2
BRDA:97,14,0,0
BRDA:97,14,1,2
BRDA:97,15,0,2
BRDA:97,15,1,2
BRDA:103,16,0,1
BRDA:111,17,0,0
BRDA:113,18,0,0
BRDA:123,19,0,26
BRDA:137,20,0,3
BRDA:138,21,0,0
BRDA:138,21,1,3
BRDA:138,22,0,3
BRDA:138,22,1,3
BRDA:138,23,0,3
BRDA:138,23,1,1
BRDA:138,23,2,1
BRDA:139,24,0,3
BRDA:148,25,0,0
BRDA:154,26,0,0
BRDA:155,27,0,10
BRDA:155,27,1,2
BRF:42
BRH:35
end_of_record
